<?xml version="1.0" encoding="UTF-8"?>
<!-- Generated by org.testng.reporters.JUnitReportReporter -->
<testsuite skipped="0" hostname="Lara" name="test.TestHalstead" tests="6" failures="0" timestamp="8 Nov 2016 12:13:17 GMT" time="0.074" errors="0">
  <testcase name="f" time="0.005" classname="test.TestHalstead"/>
  <testcase name="f" time="0.005" classname="test.TestHalstead"/>
  <testcase name="f" time="0.003" classname="test.TestHalstead"/>
  <testcase name="f" time="0.046" classname="test.TestHalstead"/>
  <testcase name="f" time="0.011" classname="test.TestHalstead"/>
  <testcase name="f" time="0.004" classname="test.TestHalstead"/>
</testsuite> <!-- test.TestHalstead -->
