<?xml version="1.0" encoding="UTF-8"?>
<!-- Generated by org.testng.reporters.JUnitReportReporter -->
<testsuite skipped="0" hostname="Lara" name="test.TestNGHalstead" tests="6" failures="0" timestamp="8 Nov 2016 12:21:05 GMT" time="0.064" errors="0">
  <testcase name="f" time="0.002" classname="test.TestNGHalstead"/>
  <testcase name="f" time="0.004" classname="test.TestNGHalstead"/>
  <testcase name="f" time="0.002" classname="test.TestNGHalstead"/>
  <testcase name="f" time="0.043" classname="test.TestNGHalstead"/>
  <testcase name="f" time="0.011" classname="test.TestNGHalstead"/>
  <testcase name="f" time="0.002" classname="test.TestNGHalstead"/>
</testsuite> <!-- test.TestNGHalstead -->
