<?xml version="1.0" encoding="UTF-8"?>
<!-- Generated by org.testng.reporters.JUnitReportReporter -->
<testsuite skipped="0" hostname="Lara" name="test.TestNGHalstead" tests="6" failures="0" timestamp="9 Nov 2016 15:34:36 GMT" time="0.122" errors="0">
  <testcase name="f" time="0.005" classname="test.TestNGHalstead"/>
  <testcase name="f" time="0.004" classname="test.TestNGHalstead"/>
  <testcase name="f" time="0.004" classname="test.TestNGHalstead"/>
  <testcase name="f" time="0.094" classname="test.TestNGHalstead"/>
  <testcase name="f" time="0.011" classname="test.TestNGHalstead"/>
  <testcase name="f" time="0.004" classname="test.TestNGHalstead"/>
</testsuite> <!-- test.TestNGHalstead -->
